2016-06-25 08:22:07,200 INFO  [org.jboss.as.security] (ServerService Thread Pool -- 45) JBAS013171: Activating Security Subsystem
2016-06-25 08:22:07,200 WARN  [org.jboss.as.txn] (ServerService Thread Pool -- 46) JBAS010153: Node identifier property is set to the default value. Please make sure it is unique.
2016-06-25 08:22:07,203 INFO  [org.jboss.as.clustering.infinispan] (ServerService Thread Pool -- 32) JBAS010280: Activating Infinispan subsystem.
2016-06-25 08:22:07,210 INFO  [org.jboss.as.jsf] (ServerService Thread Pool -- 38) JBAS012615: Activated the following JSF Implementations: [main]
2016-06-25 08:22:07,223 INFO  [org.jboss.as.naming] (ServerService Thread Pool -- 40) JBAS011800: Activating Naming Subsystem
2016-06-25 08:22:07,270 INFO  [org.jboss.as.webservices] (ServerService Thread Pool -- 48) JBAS015537: Activating WebServices Extension
2016-06-25 08:22:07,272 INFO  [org.jboss.as.security] (MSC service thread 1-8) JBAS013170: Current PicketBox version=4.0.21.Final
2016-06-25 08:22:07,286 INFO  [org.jboss.as.naming] (MSC service thread 1-16) JBAS011802: Starting Naming Service
2016-06-25 08:22:07,286 INFO  [org.jboss.as.mail.extension] (MSC service thread 1-2) JBAS015400: Bound mail session [java:jboss/mail/Default]
2016-06-25 08:22:07,305 INFO  [org.wildfly.extension.io] (ServerService Thread Pool -- 31) WFLYIO001: Worker 'default' has auto-configured to 16 core threads with 128 task threads based on your 8 available processors
2016-06-25 08:22:07,380 INFO  [org.jboss.as.connector.logging] (MSC service thread 1-16) JBAS010408: Starting JCA Subsystem (IronJacamar 1.1.9.Final)
2016-06-25 08:22:07,821 INFO  [org.wildfly.extension.undertow] (MSC service thread 1-15) JBAS017502: Undertow 1.1.8.Final starting
2016-06-25 08:22:07,821 INFO  [org.wildfly.extension.undertow] (ServerService Thread Pool -- 47) JBAS017502: Undertow 1.1.8.Final starting
2016-06-25 08:22:07,946 INFO  [org.jboss.as.connector.subsystems.datasources] (ServerService Thread Pool -- 27) JBAS010403: Deploying JDBC-compliant driver class org.h2.Driver (version 1.3)
2016-06-25 08:22:07,947 INFO  [org.jboss.as.connector.deployers.jdbc] (MSC service thread 1-4) JBAS010417: Started Driver service with driver-name = h2
2016-06-25 08:22:08,382 INFO  [org.wildfly.extension.undertow] (ServerService Thread Pool -- 47) JBAS017527: Creating file handler for path C:\informacion w 10 restante\App Web\wildfly-8.2.1.Final/welcome-content
2016-06-25 08:22:08,702 INFO  [org.wildfly.extension.undertow] (MSC service thread 1-15) JBAS017525: Started server default-server.
2016-06-25 08:22:08,809 INFO  [org.wildfly.extension.undertow] (MSC service thread 1-12) JBAS017531: Host default-host starting
2016-06-25 08:22:08,879 INFO  [org.wildfly.extension.undertow] (MSC service thread 1-2) JBAS017519: Undertow HTTP listener default listening on localhost/127.0.0.1:8080
2016-06-25 08:22:09,146 INFO  [org.jboss.as.connector.subsystems.datasources] (MSC service thread 1-8) JBAS010400: Bound data source [java:jboss/datasources/ExampleDS]
2016-06-25 08:22:09,352 INFO  [org.jboss.as.server.deployment.scanner] (MSC service thread 1-2) JBAS015012: Started FileSystemDeploymentService for directory C:\informacion w 10 restante\App Web\wildfly-8.2.1.Final\standalone\deployments
2016-06-25 08:22:09,446 INFO  [org.jboss.as.server.deployment] (MSC service thread 1-12) JBAS015876: Starting deployment of "webLocalesNetGit.war" (runtime-name: "webLocalesNetGit.war")
2016-06-25 08:22:09,446 INFO  [org.jboss.as.server.deployment] (MSC service thread 1-7) JBAS015876: Starting deployment of "CalculadoraJSF.war" (runtime-name: "CalculadoraJSF.war")
2016-06-25 08:22:09,446 INFO  [org.jboss.as.server.deployment] (MSC service thread 1-13) JBAS015876: Starting deployment of "SubirArchivos.war" (runtime-name: "SubirArchivos.war")
2016-06-25 08:22:09,446 INFO  [org.jboss.as.server.deployment] (MSC service thread 1-14) JBAS015876: Starting deployment of "LocalesNet.war" (runtime-name: "LocalesNet.war")
2016-06-25 08:22:10,087 INFO  [org.jboss.as.jpa] (MSC service thread 1-15) JBAS011401: Read persistence.xml for PruebaJPA
2016-06-25 08:22:10,185 INFO  [org.jboss.ws.common.management] (MSC service thread 1-9) JBWS022052: Starting JBoss Web Services - Stack CXF Server 4.3.2.Final
2016-06-25 08:22:10,561 INFO  [org.jboss.as.jpa] (ServerService Thread Pool -- 50) JBAS011409: Starting Persistence Unit (phase 1 of 2) Service 'webLocalesNetGit.war#PruebaJPA'
2016-06-25 08:22:10,653 INFO  [org.hibernate.jpa.internal.util.LogHelper] (ServerService Thread Pool -- 50) HHH000204: Processing PersistenceUnitInfo [
	name: PruebaJPA
	...]
2016-06-25 08:22:10,995 INFO  [org.hibernate.Version] (ServerService Thread Pool -- 50) HHH000412: Hibernate Core {4.3.7.Final}
2016-06-25 08:22:10,996 INFO  [org.hibernate.cfg.Environment] (ServerService Thread Pool -- 50) HHH000206: hibernate.properties not found
2016-06-25 08:22:11,010 INFO  [org.hibernate.cfg.Environment] (ServerService Thread Pool -- 50) HHH000021: Bytecode provider name : javassist
2016-06-25 08:22:11,249 INFO  [org.jboss.as.jpa] (ServerService Thread Pool -- 52) JBAS011409: Starting Persistence Unit (phase 2 of 2) Service 'webLocalesNetGit.war#PruebaJPA'
2016-06-25 08:22:11,492 INFO  [org.hibernate.annotations.common.Version] (ServerService Thread Pool -- 52) HCANN000001: Hibernate Commons Annotations {4.0.4.Final}
2016-06-25 08:22:11,798 INFO  [org.wildfly.extension.undertow] (MSC service thread 1-8) JBAS017534: Registered web context: /LocalesNet
2016-06-25 08:22:11,798 INFO  [org.wildfly.extension.undertow] (MSC service thread 1-5) JBAS017534: Registered web context: /SubirArchivos
2016-06-25 08:22:11,933 INFO  [javax.enterprise.resource.webcontainer.jsf.config] (MSC service thread 1-1) Inicializando Mojarra 2.2.8-jbossorg-1 20140822-1131 para el contexto '/CalculadoraJSF'
2016-06-25 08:22:12,126 INFO  [org.hibernate.dialect.Dialect] (ServerService Thread Pool -- 52) HHH000400: Using dialect: org.hibernate.dialect.H2Dialect
2016-06-25 08:22:12,166 WARN  [org.hibernate.dialect.H2Dialect] (ServerService Thread Pool -- 52) HHH000431: Unable to determine H2 database version, certain features may not work
2016-06-25 08:22:12,337 INFO  [org.hibernate.hql.internal.ast.ASTQueryTranslatorFactory] (ServerService Thread Pool -- 52) HHH000397: Using ASTQueryTranslatorFactory
2016-06-25 08:22:12,875 WARN  [org.hibernate.internal.SessionFactoryImpl] (ServerService Thread Pool -- 52) HHH000008: JTASessionContext being used with JDBCTransactionFactory; auto-flush will not operate correctly with getCurrentSession()
2016-06-25 08:22:12,976 INFO  [org.wildfly.extension.undertow] (MSC service thread 1-13) JBAS017534: Registered web context: /webLocalesNetGit
2016-06-25 08:22:13,099 INFO  [org.wildfly.extension.undertow] (MSC service thread 1-1) JBAS017534: Registered web context: /CalculadoraJSF
2016-06-25 08:22:13,146 INFO  [org.jboss.as.server] (ServerService Thread Pool -- 28) JBAS018559: Deployed "webLocalesNetGit.war" (runtime-name : "webLocalesNetGit.war")
2016-06-25 08:22:13,146 INFO  [org.jboss.as.server] (ServerService Thread Pool -- 28) JBAS018559: Deployed "SubirArchivos.war" (runtime-name : "SubirArchivos.war")
2016-06-25 08:22:13,147 INFO  [org.jboss.as.server] (ServerService Thread Pool -- 28) JBAS018559: Deployed "LocalesNet.war" (runtime-name : "LocalesNet.war")
2016-06-25 08:22:13,147 INFO  [org.jboss.as.server] (ServerService Thread Pool -- 28) JBAS018559: Deployed "CalculadoraJSF.war" (runtime-name : "CalculadoraJSF.war")
2016-06-25 08:22:13,284 INFO  [org.jboss.as] (Controller Boot Thread) JBAS015961: Http management interface listening on http://127.0.0.1:9990/management
2016-06-25 08:22:13,285 INFO  [org.jboss.as] (Controller Boot Thread) JBAS015951: Admin console listening on http://127.0.0.1:9990
2016-06-25 08:22:13,285 INFO  [org.jboss.as] (Controller Boot Thread) JBAS015874: WildFly 8.2.1.Final "Tweek" started in 14743ms - Started 455 of 528 services (122 services are lazy, passive or on-demand)
2016-06-25 08:22:23,209 INFO  [org.jboss.as.server.deployment.scanner] (DeploymentScanner-threads - 2) JBAS015003: Found PreubaSOAP.war in deployment directory. To trigger deployment create a file called PreubaSOAP.war.dodeploy
2016-06-25 08:22:23,218 INFO  [org.jboss.as.server.deployment] (MSC service thread 1-6) JBAS015876: Starting deployment of "PreubaSOAP.war" (runtime-name: "PreubaSOAP.war")
2016-06-25 08:22:23,654 INFO  [org.jboss.ws.cxf.metadata] (MSC service thread 1-3) JBWS024061: Adding service endpoint metadata: id=HelloWorld
 address=http://localhost:8080/PreubaSOAP/HelloWorld
 implementor=org.jboss.samples.webservices.HelloWorld
 serviceName={http://webservices.samples.jboss.org/}HelloWorldService
 portName={http://webservices.samples.jboss.org/}HelloWorldPort
 annotationWsdlLocation=null
 wsdlLocationOverride=null
 mtomEnabled=false
2016-06-25 08:22:24,103 INFO  [org.apache.cxf.service.factory.ReflectionServiceFactoryBean] (MSC service thread 1-3) Creating Service {http://webservices.samples.jboss.org/}HelloWorldService from class org.jboss.samples.webservices.HelloWorld
2016-06-25 08:22:24,579 INFO  [org.apache.cxf.endpoint.ServerImpl] (MSC service thread 1-3) Setting the server's publish address to be http://localhost:8080/PreubaSOAP/HelloWorld
2016-06-25 08:22:24,651 INFO  [org.jboss.ws.cxf.deployment] (MSC service thread 1-3) JBWS024074: WSDL published to: file:/C:/informacion w 10 restante/App Web/wildfly-8.2.1.Final/standalone/data/wsdl/PreubaSOAP.war/HelloWorldService.wsdl
2016-06-25 08:22:24,654 INFO  [org.jboss.as.webservices] (MSC service thread 1-13) JBAS015539: Starting service jboss.ws.endpoint."PreubaSOAP.war".HelloWorld
2016-06-25 08:22:24,673 INFO  [org.wildfly.extension.undertow] (MSC service thread 1-12) JBAS017534: Registered web context: /PreubaSOAP
2016-06-25 08:22:24,850 INFO  [org.jboss.as.server] (DeploymentScanner-threads - 1) JBAS018559: Deployed "PreubaSOAP.war" (runtime-name : "PreubaSOAP.war")
